  [1m[35m (120.4ms)[0m  [1m[35mCREATE TABLE "schema_migrations" ("version" varchar NOT NULL PRIMARY KEY)[0m
  [1m[35m (98.9ms)[0m  [1m[35mCREATE TABLE "ar_internal_metadata" ("key" varchar NOT NULL PRIMARY KEY, "value" varchar, "created_at" datetime(6) NOT NULL, "updated_at" datetime(6) NOT NULL)[0m
  [1m[36mActiveRecord::SchemaMigration Pluck (0.1ms)[0m  [1m[34mSELECT "schema_migrations"."version" FROM "schema_migrations" ORDER BY "schema_migrations"."version" ASC[0m
Migrating to CreateUsers (20231025043828)
  [1m[36mTRANSACTION (0.0ms)[0m  [1m[36mbegin transaction[0m
  [1m[35m (0.2ms)[0m  [1m[35mCREATE TABLE "users" ("id" integer PRIMARY KEY AUTOINCREMENT NOT NULL, "name" varchar, "email" varchar, "created_at" datetime(6) NOT NULL, "updated_at" datetime(6) NOT NULL)[0m
  [1m[36mActiveRecord::SchemaMigration Create (0.1ms)[0m  [1m[32mINSERT INTO "schema_migrations" ("version") VALUES (?)[0m  [["version", "20231025043828"]]
  [1m[36mTRANSACTION (129.3ms)[0m  [1m[36mcommit transaction[0m
  [1m[36mActiveRecord::InternalMetadata Load (0.1ms)[0m  [1m[34mSELECT "ar_internal_metadata".* FROM "ar_internal_metadata" WHERE "ar_internal_metadata"."key" = ? LIMIT ?[0m  [["key", "environment"], ["LIMIT", 1]]
  [1m[36mTRANSACTION (0.0ms)[0m  [1m[36mbegin transaction[0m
  [1m[36mActiveRecord::InternalMetadata Create (0.2ms)[0m  [1m[32mINSERT INTO "ar_internal_metadata" ("key", "value", "created_at", "updated_at") VALUES (?, ?, ?, ?)[0m  [["key", "environment"], ["value", "development"], ["created_at", "2023-10-25 04:40:11.490790"], ["updated_at", "2023-10-25 04:40:11.490790"]]
  [1m[36mTRANSACTION (89.3ms)[0m  [1m[36mcommit transaction[0m
  [1m[36mActiveRecord::SchemaMigration Pluck (0.1ms)[0m  [1m[34mSELECT "schema_migrations"."version" FROM "schema_migrations" ORDER BY "schema_migrations"."version" ASC[0m
Started GET "/" for 127.0.0.1 at 2023-10-25 09:46:08 +0500
  [1m[36mActiveRecord::SchemaMigration Pluck (0.1ms)[0m  [1m[34mSELECT "schema_migrations"."version" FROM "schema_migrations" ORDER BY "schema_migrations"."version" ASC[0m
Processing by Rails::WelcomeController#index as HTML
  Rendering /home/se/.rvm/gems/ruby-3.2.2/gems/railties-7.0.8/lib/rails/templates/rails/welcome/index.html.erb
  Rendered /home/se/.rvm/gems/ruby-3.2.2/gems/railties-7.0.8/lib/rails/templates/rails/welcome/index.html.erb (Duration: 12.5ms | Allocations: 633)
Completed 200 OK in 105ms (Views: 16.1ms | ActiveRecord: 0.0ms | Allocations: 7365)


Started GET "/users/new" for 127.0.0.1 at 2023-10-25 09:46:17 +0500
Processing by UsersController#new as HTML
  Rendering layout layouts/application.html.erb
  Rendering users/new.html.erb within layouts/application
  Rendered users/_form.html.erb (Duration: 33.9ms | Allocations: 3060)
  Rendered users/new.html.erb within layouts/application (Duration: 34.5ms | Allocations: 3408)
  Rendered layout layouts/application.html.erb (Duration: 665.3ms | Allocations: 94038)
Completed 200 OK in 675ms (Views: 666.2ms | ActiveRecord: 0.6ms | Allocations: 99859)


Started GET "/micropost" for 127.0.0.1 at 2023-10-25 10:11:30 +0500
  [1m[36mActiveRecord::SchemaMigration Pluck (0.1ms)[0m  [1m[34mSELECT "schema_migrations"."version" FROM "schema_migrations" ORDER BY "schema_migrations"."version" ASC[0m
  [1m[36mCACHE ActiveRecord::SchemaMigration Pluck (0.0ms)[0m  [1m[34mSELECT "schema_migrations"."version" FROM "schema_migrations" ORDER BY "schema_migrations"."version" ASC[0m
  
ActiveRecord::PendingMigrationError (

Migrations are pending. To resolve this issue, run:

        bin/rails db:migrate RAILS_ENV=development

You have 1 pending migration:

20231025051036_create_microposts.rb


):
  
activerecord (7.0.8) lib/active_record/migration.rb:662:in `check_pending!'
activerecord (7.0.8) lib/active_record/migration.rb:627:in `block (2 levels) in call'
activesupport (7.0.8) lib/active_support/file_update_checker.rb:83:in `execute'
activesupport (7.0.8) lib/active_support/file_update_checker.rb:93:in `execute_if_updated'
activerecord (7.0.8) lib/active_record/migration.rb:634:in `block in call'
activerecord (7.0.8) lib/active_record/migration.rb:624:in `synchronize'
activerecord (7.0.8) lib/active_record/migration.rb:624:in `call'
actionpack (7.0.8) lib/action_dispatch/middleware/callbacks.rb:27:in `block in call'
activesupport (7.0.8) lib/active_support/callbacks.rb:99:in `run_callbacks'
actionpack (7.0.8) lib/action_dispatch/middleware/callbacks.rb:26:in `call'
actionpack (7.0.8) lib/action_dispatch/middleware/executor.rb:14:in `call'
actionpack (7.0.8) lib/action_dispatch/middleware/actionable_exceptions.rb:17:in `call'
actionpack (7.0.8) lib/action_dispatch/middleware/debug_exceptions.rb:28:in `call'
web-console (4.2.1) lib/web_console/middleware.rb:132:in `call_app'
web-console (4.2.1) lib/web_console/middleware.rb:28:in `block in call'
web-console (4.2.1) lib/web_console/middleware.rb:17:in `catch'
web-console (4.2.1) lib/web_console/middleware.rb:17:in `call'
actionpack (7.0.8) lib/action_dispatch/middleware/show_exceptions.rb:29:in `call'
railties (7.0.8) lib/rails/rack/logger.rb:40:in `call_app'
railties (7.0.8) lib/rails/rack/logger.rb:25:in `block in call'
activesupport (7.0.8) lib/active_support/tagged_logging.rb:99:in `block in tagged'
activesupport (7.0.8) lib/active_support/tagged_logging.rb:37:in `tagged'
activesupport (7.0.8) lib/active_support/tagged_logging.rb:99:in `tagged'
railties (7.0.8) lib/rails/rack/logger.rb:25:in `call'
sprockets-rails (3.4.2) lib/sprockets/rails/quiet_assets.rb:13:in `call'
actionpack (7.0.8) lib/action_dispatch/middleware/remote_ip.rb:93:in `call'
actionpack (7.0.8) lib/action_dispatch/middleware/request_id.rb:26:in `call'
rack (2.2.8) lib/rack/method_override.rb:24:in `call'
rack (2.2.8) lib/rack/runtime.rb:22:in `call'
activesupport (7.0.8) lib/active_support/cache/strategy/local_cache_middleware.rb:29:in `call'
actionpack (7.0.8) lib/action_dispatch/middleware/server_timing.rb:61:in `block in call'
actionpack (7.0.8) lib/action_dispatch/middleware/server_timing.rb:26:in `collect_events'
actionpack (7.0.8) lib/action_dispatch/middleware/server_timing.rb:60:in `call'
actionpack (7.0.8) lib/action_dispatch/middleware/executor.rb:14:in `call'
actionpack (7.0.8) lib/action_dispatch/middleware/static.rb:23:in `call'
rack (2.2.8) lib/rack/sendfile.rb:110:in `call'
actionpack (7.0.8) lib/action_dispatch/middleware/host_authorization.rb:138:in `call'
railties (7.0.8) lib/rails/engine.rb:530:in `call'
puma (5.6.7) lib/puma/configuration.rb:252:in `call'
puma (5.6.7) lib/puma/request.rb:77:in `block in handle_request'
puma (5.6.7) lib/puma/thread_pool.rb:340:in `with_force_shutdown'
puma (5.6.7) lib/puma/request.rb:76:in `handle_request'
puma (5.6.7) lib/puma/server.rb:443:in `process_client'
puma (5.6.7) lib/puma/thread_pool.rb:147:in `block in spawn_thread'
  [1m[36mActiveRecord::SchemaMigration Pluck (0.1ms)[0m  [1m[34mSELECT "schema_migrations"."version" FROM "schema_migrations" ORDER BY "schema_migrations"."version" ASC[0m
Migrating to CreateMicroposts (20231025051036)
  [1m[36mTRANSACTION (0.0ms)[0m  [1m[36mbegin transaction[0m
  [1m[35m (0.2ms)[0m  [1m[35mCREATE TABLE "microposts" ("id" integer PRIMARY KEY AUTOINCREMENT NOT NULL, "content" text, "user_id" integer, "created_at" datetime(6) NOT NULL, "updated_at" datetime(6) NOT NULL)[0m
  [1m[36mActiveRecord::SchemaMigration Create (0.1ms)[0m  [1m[32mINSERT INTO "schema_migrations" ("version") VALUES (?)[0m  [["version", "20231025051036"]]
  [1m[36mTRANSACTION (112.5ms)[0m  [1m[36mcommit transaction[0m
  [1m[36mActiveRecord::InternalMetadata Load (0.1ms)[0m  [1m[34mSELECT "ar_internal_metadata".* FROM "ar_internal_metadata" WHERE "ar_internal_metadata"."key" = ? LIMIT ?[0m  [["key", "environment"], ["LIMIT", 1]]
  [1m[36mActiveRecord::SchemaMigration Pluck (0.0ms)[0m  [1m[34mSELECT "schema_migrations"."version" FROM "schema_migrations" ORDER BY "schema_migrations"."version" ASC[0m
Started GET "/micropost" for 127.0.0.1 at 2023-10-25 10:12:02 +0500
  [1m[36mActiveRecord::SchemaMigration Pluck (0.1ms)[0m  [1m[34mSELECT "schema_migrations"."version" FROM "schema_migrations" ORDER BY "schema_migrations"."version" ASC[0m
  
ActionController::RoutingError (No route matches [GET] "/micropost"):
  
Started GET "/microposts" for 127.0.0.1 at 2023-10-25 10:12:06 +0500
Processing by MicropostsController#index as HTML
  Rendering layout layouts/application.html.erb
  Rendering microposts/index.html.erb within layouts/application
  [1m[36mMicropost Load (0.1ms)[0m  [1m[34mSELECT "microposts".* FROM "microposts"[0m
  ↳ app/views/microposts/index.html.erb:6
  Rendered microposts/index.html.erb within layouts/application (Duration: 1.6ms | Allocations: 1293)
  Rendered layout layouts/application.html.erb (Duration: 9.1ms | Allocations: 14508)
Completed 200 OK in 12ms (Views: 9.9ms | ActiveRecord: 0.1ms | Allocations: 16038)


Started GET "/microposts/new" for 127.0.0.1 at 2023-10-25 10:14:26 +0500
Processing by MicropostsController#new as HTML
  Rendering layout layouts/application.html.erb
  Rendering microposts/new.html.erb within layouts/application
  Rendered microposts/_form.html.erb (Duration: 54.7ms | Allocations: 10109)
  Rendered microposts/new.html.erb within layouts/application (Duration: 55.2ms | Allocations: 10405)
  Rendered layout layouts/application.html.erb (Duration: 56.9ms | Allocations: 12510)
Completed 200 OK in 60ms (Views: 57.3ms | ActiveRecord: 0.3ms | Allocations: 15527)


Started POST "/microposts" for 127.0.0.1 at 2023-10-25 10:15:50 +0500
Processing by MicropostsController#create as TURBO_STREAM
  Parameters: {"authenticity_token"=>"[FILTERED]", "micropost"=>{"content"=>"first post", "user_id"=>"1"}, "commit"=>"Create Micropost"}
  [1m[36mTRANSACTION (0.1ms)[0m  [1m[36mbegin transaction[0m
  ↳ app/controllers/microposts_controller.rb:27:in `block in create'
  [1m[36mMicropost Create (0.2ms)[0m  [1m[32mINSERT INTO "microposts" ("content", "user_id", "created_at", "updated_at") VALUES (?, ?, ?, ?)[0m  [["content", "first post"], ["user_id", 1], ["created_at", "2023-10-25 05:15:50.289685"], ["updated_at", "2023-10-25 05:15:50.289685"]]
  ↳ app/controllers/microposts_controller.rb:27:in `block in create'
  [1m[36mTRANSACTION (110.3ms)[0m  [1m[36mcommit transaction[0m
  ↳ app/controllers/microposts_controller.rb:27:in `block in create'
Redirected to http://localhost:3000/microposts/1
Completed 302 Found in 115ms (ActiveRecord: 110.6ms | Allocations: 3806)


Started GET "/microposts/1" for 127.0.0.1 at 2023-10-25 10:15:50 +0500
Processing by MicropostsController#show as TURBO_STREAM
  Parameters: {"id"=>"1"}
  [1m[36mMicropost Load (0.1ms)[0m  [1m[34mSELECT "microposts".* FROM "microposts" WHERE "microposts"."id" = ? LIMIT ?[0m  [["id", 1], ["LIMIT", 1]]
  ↳ app/controllers/microposts_controller.rb:63:in `set_micropost'
  Rendering layout layouts/application.html.erb
  Rendering microposts/show.html.erb within layouts/application
  Rendered microposts/_micropost.html.erb (Duration: 0.3ms | Allocations: 193)
  Rendered microposts/show.html.erb within layouts/application (Duration: 13.4ms | Allocations: 1518)
  Rendered layout layouts/application.html.erb (Duration: 15.4ms | Allocations: 3615)
Completed 200 OK in 18ms (Views: 15.7ms | ActiveRecord: 0.1ms | Allocations: 6229)


Started GET "/microposts" for 127.0.0.1 at 2023-10-25 10:16:15 +0500
Processing by MicropostsController#index as HTML
  Rendering layout layouts/application.html.erb
  Rendering microposts/index.html.erb within layouts/application
  [1m[36mMicropost Load (0.1ms)[0m  [1m[34mSELECT "microposts".* FROM "microposts"[0m
  ↳ app/views/microposts/index.html.erb:6
  Rendered microposts/_micropost.html.erb (Duration: 0.1ms | Allocations: 19)
  Rendered microposts/index.html.erb within layouts/application (Duration: 1.2ms | Allocations: 1022)
  Rendered layout layouts/application.html.erb (Duration: 3.0ms | Allocations: 3127)
Completed 200 OK in 4ms (Views: 3.2ms | ActiveRecord: 0.1ms | Allocations: 3397)


Started GET "/microposts/new" for 127.0.0.1 at 2023-10-25 10:16:16 +0500
Processing by MicropostsController#new as HTML
  Rendering layout layouts/application.html.erb
  Rendering microposts/new.html.erb within layouts/application
  Rendered microposts/_form.html.erb (Duration: 1.1ms | Allocations: 1119)
  Rendered microposts/new.html.erb within layouts/application (Duration: 1.2ms | Allocations: 1208)
  Rendered layout layouts/application.html.erb (Duration: 3.3ms | Allocations: 3346)
Completed 200 OK in 4ms (Views: 3.6ms | ActiveRecord: 0.0ms | Allocations: 3621)


Started POST "/microposts" for 127.0.0.1 at 2023-10-25 10:16:35 +0500
Processing by MicropostsController#create as TURBO_STREAM
  Parameters: {"authenticity_token"=>"[FILTERED]", "micropost"=>{"content"=>"second post", "user_id"=>"1"}, "commit"=>"Create Micropost"}
  [1m[36mTRANSACTION (0.0ms)[0m  [1m[36mbegin transaction[0m
  ↳ app/controllers/microposts_controller.rb:27:in `block in create'
  [1m[36mMicropost Create (0.2ms)[0m  [1m[32mINSERT INTO "microposts" ("content", "user_id", "created_at", "updated_at") VALUES (?, ?, ?, ?)[0m  [["content", "second post"], ["user_id", 1], ["created_at", "2023-10-25 05:16:35.479282"], ["updated_at", "2023-10-25 05:16:35.479282"]]
  ↳ app/controllers/microposts_controller.rb:27:in `block in create'
  [1m[36mTRANSACTION (103.1ms)[0m  [1m[36mcommit transaction[0m
  ↳ app/controllers/microposts_controller.rb:27:in `block in create'
Redirected to http://localhost:3000/microposts/2
Completed 302 Found in 107ms (ActiveRecord: 103.4ms | Allocations: 2430)


Started GET "/microposts/2" for 127.0.0.1 at 2023-10-25 10:16:35 +0500
Processing by MicropostsController#show as TURBO_STREAM
  Parameters: {"id"=>"2"}
  [1m[36mMicropost Load (0.7ms)[0m  [1m[34mSELECT "microposts".* FROM "microposts" WHERE "microposts"."id" = ? LIMIT ?[0m  [["id", 2], ["LIMIT", 1]]
  ↳ app/controllers/microposts_controller.rb:63:in `set_micropost'
  Rendering layout layouts/application.html.erb
  Rendering microposts/show.html.erb within layouts/application
  Rendered microposts/_micropost.html.erb (Duration: 0.0ms | Allocations: 19)
  Rendered microposts/show.html.erb within layouts/application (Duration: 0.7ms | Allocations: 729)
  Rendered layout layouts/application.html.erb (Duration: 2.9ms | Allocations: 2857)
Completed 200 OK in 5ms (Views: 3.2ms | ActiveRecord: 0.7ms | Allocations: 3601)


Started GET "/microposts" for 127.0.0.1 at 2023-10-25 10:16:40 +0500
Processing by MicropostsController#index as HTML
  Rendering layout layouts/application.html.erb
  Rendering microposts/index.html.erb within layouts/application
  [1m[36mMicropost Load (0.1ms)[0m  [1m[34mSELECT "microposts".* FROM "microposts"[0m
  ↳ app/views/microposts/index.html.erb:6
  Rendered microposts/_micropost.html.erb (Duration: 0.1ms | Allocations: 19)
  Rendered microposts/_micropost.html.erb (Duration: 0.1ms | Allocations: 18)
  Rendered microposts/index.html.erb within layouts/application (Duration: 2.2ms | Allocations: 1169)
  Rendered layout layouts/application.html.erb (Duration: 5.1ms | Allocations: 3274)
Completed 200 OK in 6ms (Views: 5.4ms | ActiveRecord: 0.1ms | Allocations: 3545)


Started GET "/microposts/new" for 127.0.0.1 at 2023-10-25 10:16:50 +0500
Processing by MicropostsController#new as HTML
  Rendering layout layouts/application.html.erb
  Rendering microposts/new.html.erb within layouts/application
  Rendered microposts/_form.html.erb (Duration: 1.2ms | Allocations: 1100)
  Rendered microposts/new.html.erb within layouts/application (Duration: 1.3ms | Allocations: 1189)
  Rendered layout layouts/application.html.erb (Duration: 3.5ms | Allocations: 3294)
Completed 200 OK in 4ms (Views: 3.8ms | ActiveRecord: 0.0ms | Allocations: 3567)


Started POST "/microposts" for 127.0.0.1 at 2023-10-25 10:16:59 +0500
Processing by MicropostsController#create as TURBO_STREAM
  Parameters: {"authenticity_token"=>"[FILTERED]", "micropost"=>{"content"=>"xxx", "user_id"=>"2"}, "commit"=>"Create Micropost"}
  [1m[36mTRANSACTION (0.0ms)[0m  [1m[36mbegin transaction[0m
  ↳ app/controllers/microposts_controller.rb:27:in `block in create'
  [1m[36mMicropost Create (0.2ms)[0m  [1m[32mINSERT INTO "microposts" ("content", "user_id", "created_at", "updated_at") VALUES (?, ?, ?, ?)[0m  [["content", "xxx"], ["user_id", 2], ["created_at", "2023-10-25 05:16:59.298248"], ["updated_at", "2023-10-25 05:16:59.298248"]]
  ↳ app/controllers/microposts_controller.rb:27:in `block in create'
  [1m[36mTRANSACTION (98.1ms)[0m  [1m[36mcommit transaction[0m
  ↳ app/controllers/microposts_controller.rb:27:in `block in create'
Redirected to http://localhost:3000/microposts/3
Completed 302 Found in 101ms (ActiveRecord: 98.3ms | Allocations: 2414)


Started GET "/microposts/3" for 127.0.0.1 at 2023-10-25 10:16:59 +0500
Processing by MicropostsController#show as TURBO_STREAM
  Parameters: {"id"=>"3"}
  [1m[36mMicropost Load (0.1ms)[0m  [1m[34mSELECT "microposts".* FROM "microposts" WHERE "microposts"."id" = ? LIMIT ?[0m  [["id", 3], ["LIMIT", 1]]
  ↳ app/controllers/microposts_controller.rb:63:in `set_micropost'
  Rendering layout layouts/application.html.erb
  Rendering microposts/show.html.erb within layouts/application
  Rendered microposts/_micropost.html.erb (Duration: 0.0ms | Allocations: 19)
  Rendered microposts/show.html.erb within layouts/application (Duration: 1.0ms | Allocations: 725)
  Rendered layout layouts/application.html.erb (Duration: 2.5ms | Allocations: 2823)
Completed 200 OK in 4ms (Views: 2.8ms | ActiveRecord: 0.1ms | Allocations: 3565)


Started GET "/microposts" for 127.0.0.1 at 2023-10-25 10:17:02 +0500
Processing by MicropostsController#index as HTML
  Rendering layout layouts/application.html.erb
  Rendering microposts/index.html.erb within layouts/application
  [1m[36mMicropost Load (0.1ms)[0m  [1m[34mSELECT "microposts".* FROM "microposts"[0m
  ↳ app/views/microposts/index.html.erb:6
  Rendered microposts/_micropost.html.erb (Duration: 0.1ms | Allocations: 19)
  Rendered microposts/_micropost.html.erb (Duration: 0.1ms | Allocations: 18)
  Rendered microposts/_micropost.html.erb (Duration: 0.0ms | Allocations: 18)
  Rendered microposts/index.html.erb within layouts/application (Duration: 2.8ms | Allocations: 1326)
  Rendered layout layouts/application.html.erb (Duration: 5.2ms | Allocations: 3431)
Completed 200 OK in 6ms (Views: 5.6ms | ActiveRecord: 0.1ms | Allocations: 3702)


Started GET "/microposts/new" for 127.0.0.1 at 2023-10-25 10:17:04 +0500
Processing by MicropostsController#new as HTML
  Rendering layout layouts/application.html.erb
  Rendering microposts/new.html.erb within layouts/application
  Rendered microposts/_form.html.erb (Duration: 1.3ms | Allocations: 1100)
  Rendered microposts/new.html.erb within layouts/application (Duration: 1.5ms | Allocations: 1189)
  Rendered layout layouts/application.html.erb (Duration: 3.4ms | Allocations: 3294)
Completed 200 OK in 4ms (Views: 3.7ms | ActiveRecord: 0.0ms | Allocations: 3567)


Started POST "/microposts" for 127.0.0.1 at 2023-10-25 10:17:09 +0500
Processing by MicropostsController#create as TURBO_STREAM
  Parameters: {"authenticity_token"=>"[FILTERED]", "micropost"=>{"content"=>"bla", "user_id"=>"2"}, "commit"=>"Create Micropost"}
  [1m[36mTRANSACTION (0.0ms)[0m  [1m[36mbegin transaction[0m
  ↳ app/controllers/microposts_controller.rb:27:in `block in create'
  [1m[36mMicropost Create (0.2ms)[0m  [1m[32mINSERT INTO "microposts" ("content", "user_id", "created_at", "updated_at") VALUES (?, ?, ?, ?)[0m  [["content", "bla"], ["user_id", 2], ["created_at", "2023-10-25 05:17:09.975142"], ["updated_at", "2023-10-25 05:17:09.975142"]]
  ↳ app/controllers/microposts_controller.rb:27:in `block in create'
  [1m[36mTRANSACTION (122.0ms)[0m  [1m[36mcommit transaction[0m
  ↳ app/controllers/microposts_controller.rb:27:in `block in create'
Redirected to http://localhost:3000/microposts/4
Completed 302 Found in 126ms (ActiveRecord: 122.3ms | Allocations: 2399)


Started GET "/microposts/4" for 127.0.0.1 at 2023-10-25 10:17:10 +0500
Processing by MicropostsController#show as TURBO_STREAM
  Parameters: {"id"=>"4"}
  [1m[36mMicropost Load (0.1ms)[0m  [1m[34mSELECT "microposts".* FROM "microposts" WHERE "microposts"."id" = ? LIMIT ?[0m  [["id", 4], ["LIMIT", 1]]
  ↳ app/controllers/microposts_controller.rb:63:in `set_micropost'
  Rendering layout layouts/application.html.erb
  Rendering microposts/show.html.erb within layouts/application
  Rendered microposts/_micropost.html.erb (Duration: 0.1ms | Allocations: 19)
  Rendered microposts/show.html.erb within layouts/application (Duration: 0.8ms | Allocations: 731)
  Rendered layout layouts/application.html.erb (Duration: 3.2ms | Allocations: 2828)
Completed 200 OK in 4ms (Views: 3.5ms | ActiveRecord: 0.1ms | Allocations: 3570)


Started GET "/microposts" for 127.0.0.1 at 2023-10-25 10:17:11 +0500
Processing by MicropostsController#index as HTML
  Rendering layout layouts/application.html.erb
  Rendering microposts/index.html.erb within layouts/application
  [1m[36mMicropost Load (0.1ms)[0m  [1m[34mSELECT "microposts".* FROM "microposts"[0m
  ↳ app/views/microposts/index.html.erb:6
  Rendered microposts/_micropost.html.erb (Duration: 0.1ms | Allocations: 19)
  Rendered microposts/_micropost.html.erb (Duration: 0.0ms | Allocations: 18)
  Rendered microposts/_micropost.html.erb (Duration: 0.0ms | Allocations: 18)
  Rendered microposts/_micropost.html.erb (Duration: 0.0ms | Allocations: 18)
  Rendered microposts/index.html.erb within layouts/application (Duration: 2.5ms | Allocations: 1445)
  Rendered layout layouts/application.html.erb (Duration: 4.4ms | Allocations: 3550)
Completed 200 OK in 5ms (Views: 4.7ms | ActiveRecord: 0.1ms | Allocations: 3821)


Started GET "/microposts/new" for 127.0.0.1 at 2023-10-25 11:20:08 +0500
Processing by MicropostsController#new as HTML
  Rendering layout layouts/application.html.erb
  Rendering microposts/new.html.erb within layouts/application
  Rendered microposts/_form.html.erb (Duration: 1.1ms | Allocations: 1212)
  Rendered microposts/new.html.erb within layouts/application (Duration: 1.3ms | Allocations: 1316)
  Rendered layout layouts/application.html.erb (Duration: 8.2ms | Allocations: 14315)
Completed 200 OK in 12ms (Views: 8.8ms | ActiveRecord: 0.2ms | Allocations: 16795)


Started POST "/microposts" for 127.0.0.1 at 2023-10-25 11:20:44 +0500
Processing by MicropostsController#create as TURBO_STREAM
  Parameters: {"authenticity_token"=>"[FILTERED]", "micropost"=>{"content"=>"0123456789\n0123456789\n0123456789\n0123456789\n0123456789\n0123456789\n0123456789\n0123456789\n0123456789\n0123456789\n0123456789\n0123456789\n0123456789\n0123456789\n0123456789\n0123456789\n0123456789", "user_id"=>"2"}, "commit"=>"Create Micropost"}
  Rendering layout layouts/application.html.erb
  Rendering microposts/new.html.erb within layouts/application
  Rendered microposts/_form.html.erb (Duration: 1.2ms | Allocations: 1752)
  Rendered microposts/new.html.erb within layouts/application (Duration: 1.3ms | Allocations: 1841)
  Rendered layout layouts/application.html.erb (Duration: 2.8ms | Allocations: 3938)
Completed 422 Unprocessable Entity in 4ms (Views: 3.1ms | ActiveRecord: 0.0ms | Allocations: 5288)


Started GET "/microposts/new" for 127.0.0.1 at 2023-10-25 11:23:12 +0500
Processing by MicropostsController#new as HTML
  Rendering layout layouts/application.html.erb
  Rendering microposts/new.html.erb within layouts/application
  Rendered microposts/_form.html.erb (Duration: 1.2ms | Allocations: 1224)
  Rendered microposts/new.html.erb within layouts/application (Duration: 1.3ms | Allocations: 1328)
  Rendered layout layouts/application.html.erb (Duration: 10.5ms | Allocations: 14127)
Completed 200 OK in 49ms (Views: 11.1ms | ActiveRecord: 0.6ms | Allocations: 17952)


  [1m[36mUser Load (0.1ms)[0m  [1m[34mSELECT "users".* FROM "users" ORDER BY "users"."id" ASC LIMIT ?[0m  [["LIMIT", 1]]
  [1m[36mUser Load (0.2ms)[0m  [1m[34mSELECT "users".* FROM "users"[0m
Started GET "/users/" for 127.0.0.1 at 2023-10-25 11:31:30 +0500
Processing by UsersController#index as HTML
  Rendering layout layouts/application.html.erb
  Rendering users/index.html.erb within layouts/application
  [1m[36mUser Load (0.1ms)[0m  [1m[34mSELECT "users".* FROM "users"[0m
  ↳ app/views/users/index.html.erb:6
  Rendered users/index.html.erb within layouts/application (Duration: 1.6ms | Allocations: 1345)
  Rendered layout layouts/application.html.erb (Duration: 3.6ms | Allocations: 3544)
Completed 200 OK in 6ms (Views: 4.0ms | ActiveRecord: 0.3ms | Allocations: 5211)


Started GET "/users/new" for 127.0.0.1 at 2023-10-25 11:31:32 +0500
Processing by UsersController#new as HTML
  Rendering layout layouts/application.html.erb
  Rendering users/new.html.erb within layouts/application
  Rendered users/_form.html.erb (Duration: 1.5ms | Allocations: 1527)
  Rendered users/new.html.erb within layouts/application (Duration: 2.0ms | Allocations: 1818)
  Rendered layout layouts/application.html.erb (Duration: 3.6ms | Allocations: 3923)
Completed 200 OK in 6ms (Views: 3.8ms | ActiveRecord: 0.3ms | Allocations: 5673)


Started POST "/users" for 127.0.0.1 at 2023-10-25 11:31:40 +0500
Processing by UsersController#create as TURBO_STREAM
  Parameters: {"authenticity_token"=>"[FILTERED]", "user"=>{"name"=>"1", "email"=>"1@mail.ru"}, "commit"=>"Create User"}
  [1m[36mTRANSACTION (0.0ms)[0m  [1m[36mbegin transaction[0m
  ↳ app/controllers/users_controller.rb:27:in `block in create'
  [1m[36mUser Create (0.2ms)[0m  [1m[32mINSERT INTO "users" ("name", "email", "created_at", "updated_at") VALUES (?, ?, ?, ?)[0m  [["name", "1"], ["email", "1@mail.ru"], ["created_at", "2023-10-25 06:31:40.088572"], ["updated_at", "2023-10-25 06:31:40.088572"]]
  ↳ app/controllers/users_controller.rb:27:in `block in create'
  [1m[36mTRANSACTION (191.3ms)[0m  [1m[36mcommit transaction[0m
  ↳ app/controllers/users_controller.rb:27:in `block in create'
Redirected to http://localhost:3000/users/1
Completed 302 Found in 195ms (ActiveRecord: 191.6ms | Allocations: 2683)


Started GET "/users/1" for 127.0.0.1 at 2023-10-25 11:31:40 +0500
Processing by UsersController#show as TURBO_STREAM
  Parameters: {"id"=>"1"}
  [1m[36mUser Load (0.1ms)[0m  [1m[34mSELECT "users".* FROM "users" WHERE "users"."id" = ? LIMIT ?[0m  [["id", 1], ["LIMIT", 1]]
  ↳ app/controllers/users_controller.rb:63:in `set_user'
  Rendering layout layouts/application.html.erb
  Rendering users/show.html.erb within layouts/application
  Rendered users/_user.html.erb (Duration: 0.3ms | Allocations: 182)
  Rendered users/show.html.erb within layouts/application (Duration: 1.8ms | Allocations: 1249)
  Rendered layout layouts/application.html.erb (Duration: 3.7ms | Allocations: 3346)
Completed 200 OK in 5ms (Views: 3.9ms | ActiveRecord: 0.1ms | Allocations: 4787)


Started GET "/users" for 127.0.0.1 at 2023-10-25 11:31:44 +0500
Processing by UsersController#index as HTML
  Rendering layout layouts/application.html.erb
  Rendering users/index.html.erb within layouts/application
  [1m[36mUser Load (0.1ms)[0m  [1m[34mSELECT "users".* FROM "users"[0m
  ↳ app/views/users/index.html.erb:6
  Rendered users/_user.html.erb (Duration: 0.1ms | Allocations: 19)
  Rendered users/index.html.erb within layouts/application (Duration: 1.3ms | Allocations: 1047)
  Rendered layout layouts/application.html.erb (Duration: 3.5ms | Allocations: 3153)
Completed 200 OK in 4ms (Views: 3.8ms | ActiveRecord: 0.1ms | Allocations: 3424)


Started GET "/users/new" for 127.0.0.1 at 2023-10-25 11:31:44 +0500
Processing by UsersController#new as HTML
  Rendering layout layouts/application.html.erb
  Rendering users/new.html.erb within layouts/application
  Rendered users/_form.html.erb (Duration: 1.0ms | Allocations: 1102)
  Rendered users/new.html.erb within layouts/application (Duration: 1.3ms | Allocations: 1191)
  Rendered layout layouts/application.html.erb (Duration: 3.0ms | Allocations: 3296)
Completed 200 OK in 4ms (Views: 3.3ms | ActiveRecord: 0.0ms | Allocations: 3569)


Started POST "/users" for 127.0.0.1 at 2023-10-25 11:31:54 +0500
Processing by UsersController#create as TURBO_STREAM
  Parameters: {"authenticity_token"=>"[FILTERED]", "user"=>{"name"=>"2", "email"=>"2@mail.ru"}, "commit"=>"Create User"}
  [1m[36mTRANSACTION (0.1ms)[0m  [1m[36mbegin transaction[0m
  ↳ app/controllers/users_controller.rb:27:in `block in create'
  [1m[36mUser Create (0.3ms)[0m  [1m[32mINSERT INTO "users" ("name", "email", "created_at", "updated_at") VALUES (?, ?, ?, ?)[0m  [["name", "2"], ["email", "2@mail.ru"], ["created_at", "2023-10-25 06:31:54.175516"], ["updated_at", "2023-10-25 06:31:54.175516"]]
  ↳ app/controllers/users_controller.rb:27:in `block in create'
  [1m[36mTRANSACTION (194.1ms)[0m  [1m[36mcommit transaction[0m
  ↳ app/controllers/users_controller.rb:27:in `block in create'
Redirected to http://localhost:3000/users/2
Completed 302 Found in 199ms (ActiveRecord: 194.5ms | Allocations: 2467)


Started GET "/users/2" for 127.0.0.1 at 2023-10-25 11:31:54 +0500
Processing by UsersController#show as TURBO_STREAM
  Parameters: {"id"=>"2"}
  [1m[36mUser Load (0.1ms)[0m  [1m[34mSELECT "users".* FROM "users" WHERE "users"."id" = ? LIMIT ?[0m  [["id", 2], ["LIMIT", 1]]
  ↳ app/controllers/users_controller.rb:63:in `set_user'
  Rendering layout layouts/application.html.erb
  Rendering users/show.html.erb within layouts/application
  Rendered users/_user.html.erb (Duration: 0.0ms | Allocations: 19)
  Rendered users/show.html.erb within layouts/application (Duration: 0.8ms | Allocations: 736)
  Rendered layout layouts/application.html.erb (Duration: 2.5ms | Allocations: 2833)
Completed 200 OK in 4ms (Views: 2.8ms | ActiveRecord: 0.1ms | Allocations: 3577)


Started GET "/users" for 127.0.0.1 at 2023-10-25 11:31:56 +0500
Processing by UsersController#index as HTML
  Rendering layout layouts/application.html.erb
  Rendering users/index.html.erb within layouts/application
  [1m[36mUser Load (0.1ms)[0m  [1m[34mSELECT "users".* FROM "users"[0m
  ↳ app/views/users/index.html.erb:6
  Rendered users/_user.html.erb (Duration: 0.1ms | Allocations: 19)
  Rendered users/_user.html.erb (Duration: 0.0ms | Allocations: 18)
  Rendered users/index.html.erb within layouts/application (Duration: 1.5ms | Allocations: 1192)
  Rendered layout layouts/application.html.erb (Duration: 3.6ms | Allocations: 3297)
Completed 200 OK in 4ms (Views: 3.9ms | ActiveRecord: 0.1ms | Allocations: 3568)


  [1m[36mUser Load (0.1ms)[0m  [1m[34mSELECT "users".* FROM "users"[0m
  [1m[36mMicropost Load (0.2ms)[0m  [1m[34mSELECT "microposts".* FROM "microposts"[0m
  [1m[36mUser Load (0.1ms)[0m  [1m[34mSELECT "users".* FROM "users" ORDER BY "users"."id" ASC LIMIT ?[0m  [["LIMIT", 1]]
  [1m[36mMicropost Load (0.2ms)[0m  [1m[34mSELECT "microposts".* FROM "microposts" WHERE "microposts"."user_id" = ?[0m  [["user_id", 1]]
  [1m[36mMicropost Count (0.1ms)[0m  [1m[34mSELECT COUNT(*) FROM "microposts" WHERE "microposts"."user_id" = ?[0m  [["user_id", 1]]
Started GET "/users/new" for 127.0.0.1 at 2023-10-25 11:43:01 +0500
Processing by UsersController#new as HTML
  Rendering layout layouts/application.html.erb
  Rendering users/new.html.erb within layouts/application
  Rendered users/_form.html.erb (Duration: 1.1ms | Allocations: 1224)
  Rendered users/new.html.erb within layouts/application (Duration: 1.2ms | Allocations: 1328)
  Rendered layout layouts/application.html.erb (Duration: 7.6ms | Allocations: 14327)
Completed 200 OK in 11ms (Views: 8.1ms | ActiveRecord: 0.2ms | Allocations: 17071)


Started POST "/users" for 127.0.0.1 at 2023-10-25 11:43:02 +0500
Processing by UsersController#create as TURBO_STREAM
  Parameters: {"authenticity_token"=>"[FILTERED]", "user"=>{"name"=>"", "email"=>""}, "commit"=>"Create User"}
  [1m[36mTRANSACTION (0.1ms)[0m  [1m[36mbegin transaction[0m
  ↳ app/controllers/users_controller.rb:27:in `block in create'
  [1m[36mUser Create (0.3ms)[0m  [1m[32mINSERT INTO "users" ("name", "email", "created_at", "updated_at") VALUES (?, ?, ?, ?)[0m  [["name", ""], ["email", ""], ["created_at", "2023-10-25 06:43:02.567459"], ["updated_at", "2023-10-25 06:43:02.567459"]]
  ↳ app/controllers/users_controller.rb:27:in `block in create'
  [1m[36mTRANSACTION (92.6ms)[0m  [1m[36mcommit transaction[0m
  ↳ app/controllers/users_controller.rb:27:in `block in create'
Redirected to http://localhost:3000/users/3
Completed 302 Found in 98ms (ActiveRecord: 93.0ms | Allocations: 2658)


Started GET "/users/3" for 127.0.0.1 at 2023-10-25 11:43:02 +0500
Processing by UsersController#show as TURBO_STREAM
  Parameters: {"id"=>"3"}
  [1m[36mUser Load (0.1ms)[0m  [1m[34mSELECT "users".* FROM "users" WHERE "users"."id" = ? LIMIT ?[0m  [["id", 3], ["LIMIT", 1]]
  ↳ app/controllers/users_controller.rb:63:in `set_user'
  Rendering layout layouts/application.html.erb
  Rendering users/show.html.erb within layouts/application
  Rendered users/_user.html.erb (Duration: 0.1ms | Allocations: 26)
  Rendered users/show.html.erb within layouts/application (Duration: 1.2ms | Allocations: 840)
  Rendered layout layouts/application.html.erb (Duration: 4.0ms | Allocations: 2937)
Completed 200 OK in 6ms (Views: 4.4ms | ActiveRecord: 0.1ms | Allocations: 4352)


Started DELETE "/users/3" for 127.0.0.1 at 2023-10-25 11:43:06 +0500
Processing by UsersController#destroy as TURBO_STREAM
  Parameters: {"authenticity_token"=>"[FILTERED]", "id"=>"3"}
  [1m[36mUser Load (0.1ms)[0m  [1m[34mSELECT "users".* FROM "users" WHERE "users"."id" = ? LIMIT ?[0m  [["id", 3], ["LIMIT", 1]]
  ↳ app/controllers/users_controller.rb:63:in `set_user'
  [1m[36mTRANSACTION (0.1ms)[0m  [1m[36mbegin transaction[0m
  ↳ app/controllers/users_controller.rb:52:in `destroy'
  [1m[36mUser Destroy (0.3ms)[0m  [1m[31mDELETE FROM "users" WHERE "users"."id" = ?[0m  [["id", 3]]
  ↳ app/controllers/users_controller.rb:52:in `destroy'
  [1m[36mTRANSACTION (82.6ms)[0m  [1m[36mcommit transaction[0m
  ↳ app/controllers/users_controller.rb:52:in `destroy'
Redirected to http://localhost:3000/users
Completed 302 Found in 87ms (ActiveRecord: 83.0ms | Allocations: 2663)


Started GET "/users" for 127.0.0.1 at 2023-10-25 11:43:06 +0500
Processing by UsersController#index as TURBO_STREAM
  Rendering layout layouts/application.html.erb
  Rendering users/index.html.erb within layouts/application
  [1m[36mUser Load (0.1ms)[0m  [1m[34mSELECT "users".* FROM "users"[0m
  ↳ app/views/users/index.html.erb:6
  Rendered users/_user.html.erb (Duration: 0.1ms | Allocations: 19)
  Rendered users/_user.html.erb (Duration: 0.0ms | Allocations: 18)
  Rendered users/index.html.erb within layouts/application (Duration: 1.3ms | Allocations: 1242)
  Rendered layout layouts/application.html.erb (Duration: 3.2ms | Allocations: 3347)
Completed 200 OK in 4ms (Views: 3.4ms | ActiveRecord: 0.1ms | Allocations: 3623)


Started GET "/users/new" for 127.0.0.1 at 2023-10-25 11:43:31 +0500
Processing by UsersController#new as HTML
  Rendering layout layouts/application.html.erb
  Rendering users/new.html.erb within layouts/application
  Rendered users/_form.html.erb (Duration: 1.2ms | Allocations: 1236)
  Rendered users/new.html.erb within layouts/application (Duration: 1.4ms | Allocations: 1340)
  Rendered layout layouts/application.html.erb (Duration: 10.5ms | Allocations: 14290)
Completed 200 OK in 15ms (Views: 11.1ms | ActiveRecord: 0.5ms | Allocations: 17408)


Started GET "/users/new" for 127.0.0.1 at 2023-10-25 11:44:31 +0500
Processing by UsersController#new as HTML
  Rendering layout layouts/application.html.erb
  Rendering users/new.html.erb within layouts/application
  Rendered users/_form.html.erb (Duration: 1.2ms | Allocations: 1224)
  Rendered users/new.html.erb within layouts/application (Duration: 1.4ms | Allocations: 1328)
  Rendered layout layouts/application.html.erb (Duration: 8.2ms | Allocations: 14275)
Completed 200 OK in 13ms (Views: 8.8ms | ActiveRecord: 0.5ms | Allocations: 17510)


Started POST "/users" for 127.0.0.1 at 2023-10-25 11:44:32 +0500
Processing by UsersController#create as TURBO_STREAM
  Parameters: {"authenticity_token"=>"[FILTERED]", "user"=>{"name"=>"", "email"=>""}, "commit"=>"Create User"}
  Rendering layout layouts/application.html.erb
  Rendering users/new.html.erb within layouts/application
  Rendered users/_form.html.erb (Duration: 1.9ms | Allocations: 2571)
  Rendered users/new.html.erb within layouts/application (Duration: 2.0ms | Allocations: 2660)
  Rendered layout layouts/application.html.erb (Duration: 3.6ms | Allocations: 4757)
Completed 422 Unprocessable Entity in 5ms (Views: 3.9ms | ActiveRecord: 0.0ms | Allocations: 6128)


Started GET "/microposts" for 127.0.0.1 at 2023-10-25 11:44:44 +0500
Processing by MicropostsController#index as HTML
  Rendering layout layouts/application.html.erb
  Rendering microposts/index.html.erb within layouts/application
  [1m[36mMicropost Load (0.1ms)[0m  [1m[34mSELECT "microposts".* FROM "microposts"[0m
  ↳ app/views/microposts/index.html.erb:6
  Rendered microposts/_micropost.html.erb (Duration: 0.1ms | Allocations: 36)
  Rendered microposts/_micropost.html.erb (Duration: 0.0ms | Allocations: 18)
  Rendered microposts/_micropost.html.erb (Duration: 0.0ms | Allocations: 18)
  Rendered microposts/_micropost.html.erb (Duration: 0.0ms | Allocations: 18)
  Rendered microposts/index.html.erb within layouts/application (Duration: 3.6ms | Allocations: 3014)
  Rendered layout layouts/application.html.erb (Duration: 5.4ms | Allocations: 5208)
Completed 200 OK in 8ms (Views: 5.6ms | ActiveRecord: 0.4ms | Allocations: 6615)


Started GET "/microposts/new" for 127.0.0.1 at 2023-10-25 11:44:46 +0500
Processing by MicropostsController#new as HTML
  Rendering layout layouts/application.html.erb
  Rendering microposts/new.html.erb within layouts/application
  Rendered microposts/_form.html.erb (Duration: 1.9ms | Allocations: 1173)
  Rendered microposts/new.html.erb within layouts/application (Duration: 2.1ms | Allocations: 1265)
  Rendered layout layouts/application.html.erb (Duration: 3.7ms | Allocations: 3370)
Completed 200 OK in 4ms (Views: 4.0ms | ActiveRecord: 0.0ms | Allocations: 3654)


Started POST "/microposts" for 127.0.0.1 at 2023-10-25 11:44:47 +0500
Processing by MicropostsController#create as TURBO_STREAM
  Parameters: {"authenticity_token"=>"[FILTERED]", "micropost"=>{"content"=>"", "user_id"=>""}, "commit"=>"Create Micropost"}
  Rendering layout layouts/application.html.erb
  Rendering microposts/new.html.erb within layouts/application
  Rendered microposts/_form.html.erb (Duration: 2.3ms | Allocations: 2944)
  Rendered microposts/new.html.erb within layouts/application (Duration: 2.6ms | Allocations: 3033)
  Rendered layout layouts/application.html.erb (Duration: 4.7ms | Allocations: 5130)
Completed 422 Unprocessable Entity in 8ms (Views: 5.0ms | ActiveRecord: 0.0ms | Allocations: 7602)


